[0.015s] Invoking command in '/home/student/ros2_ws/src/eced3901/build/eced3901': CMAKE_PREFIX_PATH=${CMAKE_PREFIX_PATH}:/home/student/motor_ws/install/dalmotor:/home/student/imu_ws/install/bno055:/opt/ros/humble /usr/bin/cmake --build /home/student/ros2_ws/src/eced3901/build/eced3901 -- -j4 -l4
[0.060s] [100%] Built target talker
[0.061s] [100%] Built target dt1
[0.068s] Invoked command in '/home/student/ros2_ws/src/eced3901/build/eced3901' returned '0': CMAKE_PREFIX_PATH=${CMAKE_PREFIX_PATH}:/home/student/motor_ws/install/dalmotor:/home/student/imu_ws/install/bno055:/opt/ros/humble /usr/bin/cmake --build /home/student/ros2_ws/src/eced3901/build/eced3901 -- -j4 -l4
[0.099s] Invoking command in '/home/student/ros2_ws/src/eced3901/build/eced3901': CMAKE_PREFIX_PATH=${CMAKE_PREFIX_PATH}:/home/student/motor_ws/install/dalmotor:/home/student/imu_ws/install/bno055:/opt/ros/humble /usr/bin/cmake --install /home/student/ros2_ws/src/eced3901/build/eced3901
[0.108s] -- Install configuration: ""
[0.108s] -- Up-to-date: /home/student/ros2_ws/src/eced3901/install/eced3901/lib/eced3901/talker
[0.109s] -- Up-to-date: /home/student/ros2_ws/src/eced3901/install/eced3901/lib/eced3901/dt1
[0.109s] -- Up-to-date: /home/student/ros2_ws/src/eced3901/install/eced3901/share/eced3901/config
[0.109s] -- Up-to-date: /home/student/ros2_ws/src/eced3901/install/eced3901/share/eced3901/config/ekf.yaml
[0.109s] -- Up-to-date: /home/student/ros2_ws/src/eced3901/install/eced3901/share/eced3901/launch
[0.109s] -- Up-to-date: /home/student/ros2_ws/src/eced3901/install/eced3901/share/eced3901/launch/install
[0.109s] -- Up-to-date: /home/student/ros2_ws/src/eced3901/install/eced3901/share/eced3901/launch/install/local_setup.zsh
[0.109s] -- Up-to-date: /home/student/ros2_ws/src/eced3901/install/eced3901/share/eced3901/launch/install/.colcon_install_layout
[0.110s] -- Up-to-date: /home/student/ros2_ws/src/eced3901/install/eced3901/share/eced3901/launch/install/local_setup.sh
[0.110s] -- Up-to-date: /home/student/ros2_ws/src/eced3901/install/eced3901/share/eced3901/launch/install/setup.zsh
[0.110s] -- Up-to-date: /home/student/ros2_ws/src/eced3901/install/eced3901/share/eced3901/launch/install/_local_setup_util_sh.py
[0.110s] -- Up-to-date: /home/student/ros2_ws/src/eced3901/install/eced3901/share/eced3901/launch/install/setup.ps1
[0.110s] -- Up-to-date: /home/student/ros2_ws/src/eced3901/install/eced3901/share/eced3901/launch/install/setup.sh
[0.110s] -- Up-to-date: /home/student/ros2_ws/src/eced3901/install/eced3901/share/eced3901/launch/install/local_setup.ps1
[0.110s] -- Up-to-date: /home/student/ros2_ws/src/eced3901/install/eced3901/share/eced3901/launch/install/_local_setup_util_ps1.py
[0.111s] -- Up-to-date: /home/student/ros2_ws/src/eced3901/install/eced3901/share/eced3901/launch/install/local_setup.bash
[0.111s] -- Up-to-date: /home/student/ros2_ws/src/eced3901/install/eced3901/share/eced3901/launch/install/setup.bash
[0.111s] -- Up-to-date: /home/student/ros2_ws/src/eced3901/install/eced3901/share/eced3901/launch/install/COLCON_IGNORE
[0.111s] -- Up-to-date: /home/student/ros2_ws/src/eced3901/install/eced3901/share/eced3901/launch/build
[0.111s] -- Up-to-date: /home/student/ros2_ws/src/eced3901/install/eced3901/share/eced3901/launch/build/.built_by
[0.111s] -- Up-to-date: /home/student/ros2_ws/src/eced3901/install/eced3901/share/eced3901/launch/build/COLCON_IGNORE
[0.111s] -- Up-to-date: /home/student/ros2_ws/src/eced3901/install/eced3901/share/eced3901/launch/lab6nav.launch.py
[0.111s] -- Up-to-date: /home/student/ros2_ws/src/eced3901/install/eced3901/share/eced3901/launch/lab5dt2.launch.py
[0.112s] -- Up-to-date: /home/student/ros2_ws/src/eced3901/install/eced3901/share/eced3901/launch/lab6b.launch.py
[0.113s] -- Up-to-date: /home/student/ros2_ws/src/eced3901/install/eced3901/share/eced3901/launch/lab5.launch.py
[0.113s] -- Up-to-date: /home/student/ros2_ws/src/eced3901/install/eced3901/share/eced3901/launch/lab4a.launch.py
[0.113s] -- Up-to-date: /home/student/ros2_ws/src/eced3901/install/eced3901/share/eced3901/launch/lab4b.launch.py
[0.113s] -- Up-to-date: /home/student/ros2_ws/src/eced3901/install/eced3901/share/eced3901/launch/log
[0.114s] -- Up-to-date: /home/student/ros2_ws/src/eced3901/install/eced3901/share/eced3901/launch/log/latest
[0.114s] -- Up-to-date: /home/student/ros2_ws/src/eced3901/install/eced3901/share/eced3901/launch/log/build_2024-05-30_14-43-21
[0.114s] -- Up-to-date: /home/student/ros2_ws/src/eced3901/install/eced3901/share/eced3901/launch/log/build_2024-05-30_14-43-21/logger_all.log
[0.114s] -- Up-to-date: /home/student/ros2_ws/src/eced3901/install/eced3901/share/eced3901/launch/log/build_2024-05-30_14-43-21/events.log
[0.114s] -- Up-to-date: /home/student/ros2_ws/src/eced3901/install/eced3901/share/eced3901/launch/log/latest_build
[0.114s] -- Up-to-date: /home/student/ros2_ws/src/eced3901/install/eced3901/share/eced3901/launch/log/COLCON_IGNORE
[0.114s] -- Up-to-date: /home/student/ros2_ws/src/eced3901/install/eced3901/share/eced3901/launch/lab3.launch.py
[0.114s] -- Up-to-date: /home/student/ros2_ws/src/eced3901/install/eced3901/share/eced3901/launch/lab6a.launch.py
[0.114s] -- Up-to-date: /home/student/ros2_ws/src/eced3901/install/eced3901/share/eced3901/launch/lab7nav.launch.py
[0.115s] -- Up-to-date: /home/student/ros2_ws/src/eced3901/install/eced3901/share/eced3901/maps
[0.115s] -- Up-to-date: /home/student/ros2_ws/src/eced3901/install/eced3901/share/eced3901/maps/Lab5_DT2_Map_Folder
[0.115s] -- Up-to-date: /home/student/ros2_ws/src/eced3901/install/eced3901/share/eced3901/maps/Lab5_DT2_Map_Folder/.yaml
[0.115s] -- Up-to-date: /home/student/ros2_ws/src/eced3901/install/eced3901/share/eced3901/maps/Lab5_DT2_Map_Folder/DT2_Map.pgm
[0.115s] -- Up-to-date: /home/student/ros2_ws/src/eced3901/install/eced3901/share/eced3901/maps/Lab5_DT2_Map_Folder/.pgm
[0.115s] -- Up-to-date: /home/student/ros2_ws/src/eced3901/install/eced3901/share/eced3901/maps/Lab5_DT2_Map_Folder/DT2_Map.yaml
[0.115s] -- Up-to-date: /home/student/ros2_ws/src/eced3901/install/eced3901/share/eced3901/maps/lab4_map.yaml
[0.115s] -- Up-to-date: /home/student/ros2_ws/src/eced3901/install/eced3901/share/eced3901/maps/lab4_map.pgm
[0.115s] -- Up-to-date: /home/student/ros2_ws/src/eced3901/install/eced3901/share/eced3901/models
[0.115s] -- Up-to-date: /home/student/ros2_ws/src/eced3901/install/eced3901/share/eced3901/models/eced3901_lab4
[0.115s] -- Up-to-date: /home/student/ros2_ws/src/eced3901/install/eced3901/share/eced3901/models/eced3901_lab4/model.sdf
[0.115s] -- Up-to-date: /home/student/ros2_ws/src/eced3901/install/eced3901/share/eced3901/models/eced3901_lab4/model.config
[0.116s] -- Up-to-date: /home/student/ros2_ws/src/eced3901/install/eced3901/share/eced3901/models/eced3901bot.urdf
[0.116s] -- Up-to-date: /home/student/ros2_ws/src/eced3901/install/eced3901/share/eced3901/models/eced3901bot_description
[0.116s] -- Up-to-date: /home/student/ros2_ws/src/eced3901/install/eced3901/share/eced3901/models/eced3901bot_description/model.sdf
[0.116s] -- Up-to-date: /home/student/ros2_ws/src/eced3901/install/eced3901/share/eced3901/models/eced3901bot_description/model.config
[0.116s] -- Up-to-date: /home/student/ros2_ws/src/eced3901/install/eced3901/share/eced3901/params
[0.116s] -- Up-to-date: /home/student/ros2_ws/src/eced3901/install/eced3901/share/eced3901/params/nav2_params.yaml
[0.116s] -- Up-to-date: /home/student/ros2_ws/src/eced3901/install/eced3901/share/eced3901/rviz
[0.116s] -- Up-to-date: /home/student/ros2_ws/src/eced3901/install/eced3901/share/eced3901/rviz/nav2.rviz
[0.116s] -- Up-to-date: /home/student/ros2_ws/src/eced3901/install/eced3901/share/eced3901/rviz/urdf_config.rviz
[0.116s] -- Up-to-date: /home/student/ros2_ws/src/eced3901/install/eced3901/share/eced3901/rviz/nav2_config.rviz
[0.116s] -- Up-to-date: /home/student/ros2_ws/src/eced3901/install/eced3901/share/eced3901/src
[0.116s] -- Up-to-date: /home/student/ros2_ws/src/eced3901/install/eced3901/share/eced3901/src/eced3901_dt1.cpp
[0.116s] -- Up-to-date: /home/student/ros2_ws/src/eced3901/install/eced3901/share/eced3901/src/publisher_member_function.cpp
[0.116s] -- Up-to-date: /home/student/ros2_ws/src/eced3901/install/eced3901/share/eced3901/worlds
[0.117s] -- Up-to-date: /home/student/ros2_ws/src/eced3901/install/eced3901/share/eced3901/worlds/eced3901_lab6.world
[0.117s] -- Up-to-date: /home/student/ros2_ws/src/eced3901/install/eced3901/share/eced3901/worlds/empty.world
[0.117s] -- Up-to-date: /home/student/ros2_ws/src/eced3901/install/eced3901/share/eced3901/worlds/eced3901_lab4.world
[0.117s] -- Installing: /home/student/ros2_ws/src/eced3901/install/eced3901/lib/eced3901/demo_inspection.py
[0.117s] -- Up-to-date: /home/student/ros2_ws/src/eced3901/install/eced3901/share/ament_index/resource_index/package_run_dependencies/eced3901
[0.117s] -- Up-to-date: /home/student/ros2_ws/src/eced3901/install/eced3901/share/ament_index/resource_index/parent_prefix_path/eced3901
[0.117s] -- Up-to-date: /home/student/ros2_ws/src/eced3901/install/eced3901/share/eced3901/environment/ament_prefix_path.sh
[0.117s] -- Up-to-date: /home/student/ros2_ws/src/eced3901/install/eced3901/share/eced3901/environment/ament_prefix_path.dsv
[0.117s] -- Up-to-date: /home/student/ros2_ws/src/eced3901/install/eced3901/share/eced3901/environment/path.sh
[0.117s] -- Up-to-date: /home/student/ros2_ws/src/eced3901/install/eced3901/share/eced3901/environment/path.dsv
[0.117s] -- Up-to-date: /home/student/ros2_ws/src/eced3901/install/eced3901/share/eced3901/local_setup.bash
[0.117s] -- Up-to-date: /home/student/ros2_ws/src/eced3901/install/eced3901/share/eced3901/local_setup.sh
[0.117s] -- Up-to-date: /home/student/ros2_ws/src/eced3901/install/eced3901/share/eced3901/local_setup.zsh
[0.118s] -- Up-to-date: /home/student/ros2_ws/src/eced3901/install/eced3901/share/eced3901/local_setup.dsv
[0.118s] -- Installing: /home/student/ros2_ws/src/eced3901/install/eced3901/share/eced3901/package.dsv
[0.118s] -- Up-to-date: /home/student/ros2_ws/src/eced3901/install/eced3901/share/ament_index/resource_index/packages/eced3901
[0.118s] -- Up-to-date: /home/student/ros2_ws/src/eced3901/install/eced3901/share/eced3901/cmake/eced3901Config.cmake
[0.118s] -- Up-to-date: /home/student/ros2_ws/src/eced3901/install/eced3901/share/eced3901/cmake/eced3901Config-version.cmake
[0.118s] -- Up-to-date: /home/student/ros2_ws/src/eced3901/install/eced3901/share/eced3901/package.xml
[0.119s] Invoked command in '/home/student/ros2_ws/src/eced3901/build/eced3901' returned '0': CMAKE_PREFIX_PATH=${CMAKE_PREFIX_PATH}:/home/student/motor_ws/install/dalmotor:/home/student/imu_ws/install/bno055:/opt/ros/humble /usr/bin/cmake --install /home/student/ros2_ws/src/eced3901/build/eced3901
